Fri May  8 21:31:47 2026       
+---------------------------------------------------------------------------------------+
| NVIDIA-SMI 535.154.05             Driver Version: 535.154.05   CUDA Version: 12.2     |
|-----------------------------------------+----------------------+----------------------+
| GPU  Name                 Persistence-M | Bus-Id        Disp.A | Volatile Uncorr. ECC |
| Fan  Temp   Perf          Pwr:Usage/Cap |         Memory-Usage | GPU-Util  Compute M. |
|                                         |                      |               MIG M. |
|=========================================+======================+======================|
|   0  Tesla V100-PCIE-32GB           On  | 00000000:D8:00.0 Off |                  Off |
| N/A   32C    P0              23W / 250W |      0MiB / 32768MiB |      0%      Default |
|                                         |                      |                  N/A |
+-----------------------------------------+----------------------+----------------------+
                                                                                         
+---------------------------------------------------------------------------------------+
| Processes:                                                                            |
|  GPU   GI   CI        PID   Type   Process name                            GPU Memory |
|        ID   ID                                                             Usage      |
|=======================================================================================|
|  No running processes found                                                           |
+---------------------------------------------------------------------------------------+
torch 2.5.1 cuda 12.1
cuda_available True device_count 1
device_name Tesla V100-PCIE-32GB
No pre-trained model specified. Initializing new model.
Starting training...
Training complete! Model saved to: checkpoints/astra_edm_diffusion_waymo_latest.pth
[1;34mwandb[0m: 
[1;34mwandb[0m: 🚀 View run [33mdrawn-flower-2[0m at: [34mhttps://wandb.ai/giovisano-epfl/astra-edm-waymo/runs/jfl7046c[0m
[1;34mwandb[0m: Find logs at: [1;35mwandb/run-20260508_213307-jfl7046c/logs[0m
